<?xml version="1.0" encoding="UTF-8"?><testsuites time="7.34"><testsuite name="Unblock testsuite" tests="2" failures="2" errors="0" time="7.34" timestamp="2017-08-08T11:02:59.702Z" package="testsuites/NotLoginState/help/help"><testcase name="Should look the same C:\PhantomTesting\PhantomTesting\regression-tests\testsuites\NotLoginState\unblock\screenshots\help_0.png" classname="testsuites/NotLoginState/help/help" time="5.642"><failure type="fail"><![CDATA[Looks different (8.63% mismatch) C:\PhantomTesting\PhantomTesting\regression-tests\testsuites\NotLoginState\unblock\failures\help_0.15.fail.png]]></failure></testcase><testcase name="Should look the same C:\PhantomTesting\PhantomTesting\regression-tests\testsuites\NotLoginState\unblock\screenshots\unblock_0.png" classname="testsuites/NotLoginState/help/help" time="1.698"><failure type="fail"><![CDATA[Looks different (0.53% mismatch) C:\PhantomTesting\PhantomTesting\regression-tests\testsuites\NotLoginState\unblock\failures\unblock_0.15.fail.png]]></failure></testcase><system-out><![CDATA[]]></system-out></testsuite></testsuites>