<?xml version="1.0" encoding="UTF-8"?><testsuites time="6.109"><testsuite name="About testsuite" tests="1" failures="1" errors="0" time="6.109" timestamp="2017-08-08T12:21:31.160Z" package="testsuites/NotLoginState/Footer/about/about"><testcase name="Should look the same C:\PhantomTesting\PhantomTesting\regression-tests\testsuites\NotLoginState\Footer\about\screenshots\about_0.png" classname="testsuites/NotLoginState/Footer/about/about" time="6.109"><failure type="fail"><![CDATA[Looks different (7.16% mismatch) C:\PhantomTesting\PhantomTesting\regression-tests\testsuites\NotLoginState\Footer\about\failures\about_0.8.fail.png]]></failure></testcase><system-out><![CDATA[]]></system-out></testsuite></testsuites>