<?xml version="1.0" encoding="UTF-8"?><testsuites time="7.698"><testsuite name="Homepage testsuite" tests="1" failures="1" errors="0" time="7.698" timestamp="2017-07-31T14:46:20.881Z" package="testsuites/NotLoginState/homepage/homepage"><testcase name="Should look the same D:\TOOLS_FOR_WORK\regression-tests\testsuites\NotLoginState\homepage\screenshots\homepage_0.png" classname="testsuites/NotLoginState/homepage/homepage" time="7.698"><failure type="fail"><![CDATA[Looks different (0.29% mismatch) D:\TOOLS_FOR_WORK\regression-tests\testsuites\NotLoginState\homepage\failures\homepage_0.fail.png]]></failure></testcase><system-out><![CDATA[]]></system-out></testsuite></testsuites>