<?xml version="1.0" encoding="UTF-8"?><testsuites time="3.619"><testsuite name="Login-popup testsuite" tests="1" failures="0" errors="0" time="3.619" timestamp="2017-08-08T11:40:24.601Z" package="testsuites/NotLoginState/login-popup/login-popup"><testcase name="Should look the same C:\PhantomTesting\PhantomTesting\regression-tests\testsuites\NotLoginState\login-popup\screenshots\login-popup_0.png" classname="testsuites/NotLoginState/login-popup/login-popup" time="3.619"/><system-out><![CDATA[]]></system-out></testsuite></testsuites>