<?xml version="1.0" encoding="UTF-8"?><testsuites time="7.182"><testsuite name="Compare page testsuite" tests="1" failures="0" errors="0" time="7.182" timestamp="2017-07-31T14:45:36.575Z" package="testsuites/NotLoginState/compare-page/compare-page"><testcase name="Should look the same D:\TOOLS_FOR_WORK\regression-tests\testsuites\NotLoginState\compare-page\screenshots\compare-page_0.png" classname="testsuites/NotLoginState/compare-page/compare-page" time="7.182"/><system-out><![CDATA[]]></system-out></testsuite></testsuites>