<?xml version="1.0" encoding="UTF-8"?><testsuites time="5.209"><testsuite name="About testsuite" tests="1" failures="1" errors="0" time="5.209" timestamp="2017-08-07T13:58:45.949Z" package="testsuites/NotLoginState/Footer/about/about"><testcase name="Should look the same C:\PhantomTesting\PhantomTesting\regression-tests\testsuites\NotLoginState\Footer\about\screenshots\about_0.png" classname="testsuites/NotLoginState/Footer/about/about" time="5.209"><failure type="fail"><![CDATA[Looks different (7.16% mismatch) C:\PhantomTesting\PhantomTesting\regression-tests\testsuites\NotLoginState\Footer\about\failures\about_0.5.fail.png]]></failure></testcase><system-out><![CDATA[]]></system-out></testsuite></testsuites>