<?xml version="1.0" encoding="UTF-8"?><testsuites time="13.203"><testsuite name="Unblock testsuite" tests="2" failures="2" errors="0" time="13.203" timestamp="2017-07-31T14:47:56.169Z" package="testsuites/NotLoginState/unblock/unblock"><testcase name="Should look the same D:\TOOLS_FOR_WORK\regression-tests\testsuites\NotLoginState\unblock\screenshots\help_0.png" classname="testsuites/NotLoginState/unblock/unblock" time="9.954"><failure type="fail"><![CDATA[Looks different (6.42% mismatch) D:\TOOLS_FOR_WORK\regression-tests\testsuites\NotLoginState\unblock\failures\help_0.fail.png]]></failure></testcase><testcase name="Should look the same D:\TOOLS_FOR_WORK\regression-tests\testsuites\NotLoginState\unblock\screenshots\unblock_0.png" classname="testsuites/NotLoginState/unblock/unblock" time="3.249"><failure type="fail"><![CDATA[Looks different (0.53% mismatch) D:\TOOLS_FOR_WORK\regression-tests\testsuites\NotLoginState\unblock\failures\unblock_0.fail.png]]></failure></testcase><system-out><![CDATA[]]></system-out></testsuite></testsuites>