<?xml version="1.0" encoding="UTF-8"?><testsuites time="7.141"><testsuite name="Folders page testsuite" tests="2" failures="1" errors="0" time="7.141" timestamp="2017-08-07T14:09:21.069Z" package="testsuites/NotLoginState/folders-page/folders-page"><testcase name="Should look the same C:\PhantomTesting\PhantomTesting\regression-tests\testsuites\NotLoginState\folders-page\screenshots\search_0.png" classname="testsuites/NotLoginState/folders-page/folders-page" time="1.434"/><testcase name="Should look the same C:\PhantomTesting\PhantomTesting\regression-tests\testsuites\NotLoginState\folders-page\screenshots\folders-page_0.png" classname="testsuites/NotLoginState/folders-page/folders-page" time="5.707"><failure type="fail"><![CDATA[Looks different (3.97% mismatch) C:\PhantomTesting\PhantomTesting\regression-tests\testsuites\NotLoginState\folders-page\failures\folders-page_0.fail.png]]></failure></testcase><system-out><![CDATA[]]></system-out></testsuite></testsuites>