<?xml version="1.0" encoding="UTF-8"?><testsuites time="4.66"><testsuite name="Homepage testsuite" tests="1" failures="1" errors="0" time="4.66" timestamp="2017-08-08T11:39:02.966Z" package="testsuites/NotLoginState/homepage/homepage"><testcase name="Should look the same C:\PhantomTesting\PhantomTesting\regression-tests\testsuites\NotLoginState\homepage\screenshots\homepage_0.png" classname="testsuites/NotLoginState/homepage/homepage" time="4.66"><failure type="fail"><![CDATA[Looks different (3.57% mismatch) C:\PhantomTesting\PhantomTesting\regression-tests\testsuites\NotLoginState\homepage\failures\homepage_0.fail.png]]></failure></testcase><system-out><![CDATA[]]></system-out></testsuite></testsuites>