<?xml version="1.0" encoding="UTF-8"?><testsuites time="4.167"><testsuite name="Contact testsuite" tests="1" failures="0" errors="0" time="4.167" timestamp="2017-08-08T11:52:58.164Z" package="testsuites/NotLoginState/Footer/contact/contact"><testcase name="Should look the same C:\PhantomTesting\PhantomTesting\regression-tests\testsuites\NotLoginState\Footer\contact\screenshots\contact_0.png" classname="testsuites/NotLoginState/Footer/contact/contact" time="4.167"/><system-out><![CDATA[]]></system-out></testsuite></testsuites>