<?xml version="1.0" encoding="UTF-8"?><testsuites time="7.519"><testsuite name="Search testsuite" tests="1" failures="1" errors="0" time="7.519" timestamp="2017-08-08T11:50:11.294Z" package="testsuites/NotLoginState/search/search"><testcase name="Should look the same C:\PhantomTesting\PhantomTesting\regression-tests\testsuites\NotLoginState\search\screenshots\search_0.png" classname="testsuites/NotLoginState/search/search" time="7.519"><failure type="fail"><![CDATA[Looks different (5.05% mismatch) C:\PhantomTesting\PhantomTesting\regression-tests\testsuites\NotLoginState\search\failures\search_0.1.fail.png]]></failure></testcase><system-out><![CDATA[]]></system-out></testsuite></testsuites>