<?xml version="1.0" encoding="UTF-8"?><testsuites time="4.796"><testsuite name="Compare page testsuite" tests="1" failures="1" errors="0" time="4.796" timestamp="2017-08-08T11:38:37.738Z" package="testsuites/NotLoginState/compare-page/compare-page"><testcase name="Should look the same C:\PhantomTesting\PhantomTesting\regression-tests\testsuites\NotLoginState\compare-page\screenshots\compare-page_0.png" classname="testsuites/NotLoginState/compare-page/compare-page" time="4.796"><failure type="fail"><![CDATA[Looks different (3.42% mismatch) C:\PhantomTesting\PhantomTesting\regression-tests\testsuites\NotLoginState\compare-page\failures\compare-page_0.fail.png]]></failure></testcase><system-out><![CDATA[]]></system-out></testsuite></testsuites>