<?xml version="1.0" encoding="UTF-8"?><testsuites time="16.512"><testsuite name="Opret-popup testsuite" tests="1" failures="1" errors="0" time="16.512" timestamp="2017-07-31T14:48:51.651Z" package="testsuites/NotLoginState/opret-popup/opret-popup"><testcase name="Should look the same D:\TOOLS_FOR_WORK\regression-tests\testsuites\NotLoginState\opret-popup\screenshots\opret-popup_0.png" classname="testsuites/NotLoginState/opret-popup/opret-popup" time="16.512"><failure type="fail"><![CDATA[Looks different (70.27% mismatch) D:\TOOLS_FOR_WORK\regression-tests\testsuites\NotLoginState\opret-popup\failures\opret-popup_0.fail.png]]></failure></testcase><system-out><![CDATA[]]></system-out></testsuite></testsuites>