<?xml version="1.0" encoding="UTF-8"?><testsuites time="8.687"><testsuite name="Terms testsuite" tests="1" failures="1" errors="0" time="8.687" timestamp="2017-08-08T11:39:55.917Z" package="testsuites/NotLoginState/Footer/terms/terms"><testcase name="Should look the same C:\PhantomTesting\PhantomTesting\regression-tests\testsuites\NotLoginState\Footer\terms\screenshots\terms_0.png" classname="testsuites/NotLoginState/Footer/terms/terms" time="8.687"><failure type="fail"><![CDATA[Looks different (47.86% mismatch) C:\PhantomTesting\PhantomTesting\regression-tests\testsuites\NotLoginState\Footer\terms\failures\terms_0.fail.png]]></failure></testcase><system-out><![CDATA[]]></system-out></testsuite></testsuites>