<?xml version="1.0" encoding="UTF-8"?><testsuites time="17.536"><testsuite name="House profile testsuite" tests="8" failures="0" errors="0" time="17.536" timestamp="2017-07-31T14:46:44.661Z" package="testsuites/NotLoginState/house-profile/house-profile"><testcase name="Should look the same D:\TOOLS_FOR_WORK\regression-tests\testsuites\NotLoginState\house-profile\screenshots\house-profile_0.png" classname="testsuites/NotLoginState/house-profile/house-profile" time="10.878"/><testcase name="Should look the same D:\TOOLS_FOR_WORK\regression-tests\testsuites\NotLoginState\house-profile\screenshots\house-profile_1.png" classname="testsuites/NotLoginState/house-profile/house-profile" time="0.703"/><testcase name="Should look the same D:\TOOLS_FOR_WORK\regression-tests\testsuites\NotLoginState\house-profile\screenshots\house-profile_2.png" classname="testsuites/NotLoginState/house-profile/house-profile" time="0.711"/><testcase name="Should look the same D:\TOOLS_FOR_WORK\regression-tests\testsuites\NotLoginState\house-profile\screenshots\house-profile_3.png" classname="testsuites/NotLoginState/house-profile/house-profile" time="1.195"/><testcase name="Should look the same D:\TOOLS_FOR_WORK\regression-tests\testsuites\NotLoginState\house-profile\screenshots\house-profile_4.png" classname="testsuites/NotLoginState/house-profile/house-profile" time="0.702"/><testcase name="Should look the same D:\TOOLS_FOR_WORK\regression-tests\testsuites\NotLoginState\house-profile\screenshots\house-profile_5.png" classname="testsuites/NotLoginState/house-profile/house-profile" time="0.553"/><testcase name="Should look the same D:\TOOLS_FOR_WORK\regression-tests\testsuites\NotLoginState\house-profile\screenshots\house-profile_6.png" classname="testsuites/NotLoginState/house-profile/house-profile" time="0.781"/><testcase name="Should look the same D:\TOOLS_FOR_WORK\regression-tests\testsuites\NotLoginState\house-profile\screenshots\house-profile_7.png" classname="testsuites/NotLoginState/house-profile/house-profile" time="2.013"/><system-out><![CDATA[]]></system-out></testsuite></testsuites>