<?xml version="1.0" encoding="UTF-8"?><testsuites time="8.61"><testsuite name="Reset password testsuite" tests="1" failures="1" errors="0" time="8.61" timestamp="2017-07-31T14:47:12.571Z" package="testsuites/NotLoginState/reset-password/reset-password"><testcase name="Should look the same D:\TOOLS_FOR_WORK\regression-tests\testsuites\NotLoginState\reset-password\screenshots\reset-password_0.png" classname="testsuites/NotLoginState/reset-password/reset-password" time="8.61"><failure type="fail"><![CDATA[Looks different (0.68% mismatch) D:\TOOLS_FOR_WORK\regression-tests\testsuites\NotLoginState\reset-password\failures\reset-password_0.fail.png]]></failure></testcase><system-out><![CDATA[]]></system-out></testsuite></testsuites>