<?xml version="1.0" encoding="UTF-8"?><testsuites time="5.774"><testsuite name="Reset password testsuite" tests="1" failures="1" errors="0" time="5.774" timestamp="2017-08-08T11:50:55.443Z" package="testsuites/NotLoginState/reset-password/reset-password"><testcase name="Should look the same C:\PhantomTesting\PhantomTesting\regression-tests\testsuites\NotLoginState\reset-password\screenshots\reset-password_0.png" classname="testsuites/NotLoginState/reset-password/reset-password" time="5.774"><failure type="fail"><![CDATA[Looks different (2.99% mismatch) C:\PhantomTesting\PhantomTesting\regression-tests\testsuites\NotLoginState\reset-password\failures\reset-password_0.1.fail.png]]></failure></testcase><system-out><![CDATA[]]></system-out></testsuite></testsuites>