<?xml version="1.0" encoding="UTF-8"?><testsuites time="7.888"><testsuite name="House profile testsuite" tests="9" failures="1" errors="0" time="7.888" timestamp="2017-08-08T11:52:03.894Z" package="testsuites/NotLoginState/house-profile/house-profile"><testcase name="Should look the same C:\PhantomTesting\PhantomTesting\regression-tests\testsuites\NotLoginState\house-profile\screenshots\house-profile_0.png" classname="testsuites/NotLoginState/house-profile/house-profile" time="0.805"/><testcase name="Should look the same C:\PhantomTesting\PhantomTesting\regression-tests\testsuites\NotLoginState\house-profile\screenshots\house-profile_1.png" classname="testsuites/NotLoginState/house-profile/house-profile" time="0.437"/><testcase name="Should look the same C:\PhantomTesting\PhantomTesting\regression-tests\testsuites\NotLoginState\house-profile\screenshots\house-profile_2.png" classname="testsuites/NotLoginState/house-profile/house-profile" time="0.422"/><testcase name="Should look the same C:\PhantomTesting\PhantomTesting\regression-tests\testsuites\NotLoginState\house-profile\screenshots\house-profile_3.png" classname="testsuites/NotLoginState/house-profile/house-profile" time="0.671"/><testcase name="Should look the same C:\PhantomTesting\PhantomTesting\regression-tests\testsuites\NotLoginState\house-profile\screenshots\house-profile_4.png" classname="testsuites/NotLoginState/house-profile/house-profile" time="0.472"/><testcase name="Should look the same C:\PhantomTesting\PhantomTesting\regression-tests\testsuites\NotLoginState\house-profile\screenshots\house-profile_5.png" classname="testsuites/NotLoginState/house-profile/house-profile" time="0.37"/><testcase name="Should look the same C:\PhantomTesting\PhantomTesting\regression-tests\testsuites\NotLoginState\house-profile\screenshots\house-profile_6.png" classname="testsuites/NotLoginState/house-profile/house-profile" time="0.464"/><testcase name="Should look the same C:\PhantomTesting\PhantomTesting\regression-tests\testsuites\NotLoginState\house-profile\screenshots\house-profile_7.png" classname="testsuites/NotLoginState/house-profile/house-profile" time="1.165"/><testcase name="Cannot dispatch mousedown event on nonexistent selector: body &gt; app &gt; property &gt; div &gt; div &gt; div.flex-container.singleMode &gt; div.fi-left &gt; div:nth-child(1) &gt; div.expenses.flex-container &gt; div &gt; property-expenses &gt; dropdown-li:nth-child(3) &gt; div &gt; div &gt; h5.right &gt; i" classname="testsuites/NotLoginState/house-profile/house-profile" time="3.082"><failure type="uncaughtError"><![CDATA[Cannot dispatch mousedown event on nonexistent selector: body > app > property > div > div > div.flex-container.singleMode > div.fi-left > div:nth-child(1) > div.expenses.flex-container > div > property-expenses > dropdown-li:nth-child(3) > div > div > h5.right > i]]></failure></testcase><system-out><![CDATA[]]></system-out></testsuite></testsuites>