<?xml version="1.0" encoding="UTF-8"?><testsuites time="4.943"><testsuite name="Comparison testsuite" tests="1" failures="1" errors="0" time="4.943" timestamp="2017-08-08T11:38:45.473Z" package="testsuites/NotLoginState/comparison/comparison"><testcase name="Should look the same C:\PhantomTesting\PhantomTesting\regression-tests\testsuites\NotLoginState\comparison\screenshots\comparison_0.png" classname="testsuites/NotLoginState/comparison/comparison" time="4.943"><failure type="fail"><![CDATA[Looks different (2.83% mismatch) C:\PhantomTesting\PhantomTesting\regression-tests\testsuites\NotLoginState\comparison\failures\comparison_0.fail.png]]></failure></testcase><system-out><![CDATA[]]></system-out></testsuite></testsuites>