<?xml version="1.0" encoding="UTF-8"?><testsuites time="4.954"><testsuite name="Not found testsuite" tests="1" failures="1" errors="0" time="4.954" timestamp="2017-08-08T11:51:08.828Z" package="testsuites/NotLoginState/not-found/not-found"><testcase name="Should look the same C:\PhantomTesting\PhantomTesting\regression-tests\testsuites\NotLoginState\not-found\screenshots\not-found_0.png" classname="testsuites/NotLoginState/not-found/not-found" time="4.954"><failure type="fail"><![CDATA[Looks different (2.97% mismatch) C:\PhantomTesting\PhantomTesting\regression-tests\testsuites\NotLoginState\not-found\failures\not-found_0.1.fail.png]]></failure></testcase><system-out><![CDATA[]]></system-out></testsuite></testsuites>