<?xml version="1.0" encoding="UTF-8"?><testsuites time="7.537"><testsuite name="Not found testsuite" tests="1" failures="0" errors="0" time="7.537" timestamp="2017-07-31T14:46:58.165Z" package="testsuites/NotLoginState/not-found/not-found"><testcase name="Should look the same D:\TOOLS_FOR_WORK\regression-tests\testsuites\NotLoginState\not-found\screenshots\not-found_0.png" classname="testsuites/NotLoginState/not-found/not-found" time="7.537"/><system-out><![CDATA[]]></system-out></testsuite></testsuites>