<?xml version="1.0" encoding="UTF-8"?><testsuites time="2.316"><testsuite name="Login_v2-popup testsuite" tests="1" failures="1" errors="0" time="2.316" timestamp="2017-08-07T14:09:48.778Z" package="testsuites/NotLoginState/create-folder-popup/create-folder-popup"><testcase name="Cannot dispatch mousedown event on nonexistent selector: body &gt; app &gt; popups &gt; div &gt; create-folder &gt; div &gt; p.folder-titles &gt; a:nth-child(1)" classname="testsuites/NotLoginState/create-folder-popup/create-folder-popup" time="2.316"><failure type="uncaughtError"><![CDATA[Cannot dispatch mousedown event on nonexistent selector: body > app > popups > div > create-folder > div > p.folder-titles > a:nth-child(1)]]></failure></testcase><system-out><![CDATA[]]></system-out></testsuite></testsuites>