<?xml version="1.0" encoding="UTF-8"?><testsuites time="8.18"><testsuite name="Unblock testsuite" tests="2" failures="2" errors="0" time="8.18" timestamp="2017-08-08T11:40:07.074Z" package="testsuites/NotLoginState/unblock/unblock"><testcase name="Should look the same C:\PhantomTesting\PhantomTesting\regression-tests\testsuites\NotLoginState\unblock\screenshots\help_0.png" classname="testsuites/NotLoginState/unblock/unblock" time="6.084"><failure type="fail"><![CDATA[Looks different (8.63% mismatch) C:\PhantomTesting\PhantomTesting\regression-tests\testsuites\NotLoginState\unblock\failures\help_0.16.fail.png]]></failure></testcase><testcase name="Should look the same C:\PhantomTesting\PhantomTesting\regression-tests\testsuites\NotLoginState\unblock\screenshots\unblock_0.png" classname="testsuites/NotLoginState/unblock/unblock" time="2.096"><failure type="fail"><![CDATA[Looks different (5.85% mismatch) C:\PhantomTesting\PhantomTesting\regression-tests\testsuites\NotLoginState\unblock\failures\unblock_0.16.fail.png]]></failure></testcase><system-out><![CDATA[]]></system-out></testsuite></testsuites>