<?xml version="1.0" encoding="UTF-8"?><testsuites time="6.927"><testsuite name="Terms testsuite" tests="1" failures="1" errors="0" time="6.927" timestamp="2017-08-07T20:18:35.866Z" package="testsuites/LoginState/Footer/terms/terms"><testcase name="TypeError: config.CREDENTIALS is undefined" classname="testsuites/LoginState/Footer/terms/terms" time="6.927"><failure type="uncaughtError"><![CDATA[TypeError: config.CREDENTIALS is undefined]]></failure></testcase><system-out><![CDATA[]]></system-out></testsuite></testsuites>