<?xml version="1.0" encoding="UTF-8"?><testsuites time="7.892"><testsuite name="Unblock testsuite" tests="1" failures="1" errors="0" time="7.892" timestamp="2017-08-07T20:26:11.695Z" package="testsuites/LoginState/help/help"><testcase name="TypeError: config.CREDENTIALS is undefined" classname="testsuites/LoginState/help/help" time="7.892"><failure type="uncaughtError"><![CDATA[TypeError: config.CREDENTIALS is undefined]]></failure></testcase><system-out><![CDATA[]]></system-out></testsuite></testsuites>