<?xml version="1.0" encoding="UTF-8"?><testsuites time="2.493"><testsuite name="Unblock testsuite" tests="1" failures="1" errors="0" time="2.493" timestamp="2017-08-08T11:44:34.950Z" package="testsuites/LoginState/help/help"><testcase name="TypeError: config.CREDENTIALS is undefined" classname="testsuites/LoginState/help/help" time="2.493"><failure type="uncaughtError"><![CDATA[TypeError: config.CREDENTIALS is undefined]]></failure></testcase><system-out><![CDATA[]]></system-out></testsuite></testsuites>