<?xml version="1.0" encoding="UTF-8"?><testsuites time="6.257"><testsuite name="About testsuite" tests="1" failures="1" errors="0" time="6.257" timestamp="2017-08-08T07:15:43.128Z" package="testsuites/LoginState/Footer/about/about"><testcase name="TypeError: config.CREDENTIALS is undefined" classname="testsuites/LoginState/Footer/about/about" time="6.257"><failure type="uncaughtError"><![CDATA[TypeError: config.CREDENTIALS is undefined]]></failure></testcase><system-out><![CDATA[]]></system-out></testsuite></testsuites>