<?xml version="1.0" encoding="UTF-8"?><testsuites time="14.242"><testsuite name="Homepage testsuite" tests="4" failures="0" errors="0" time="14.242" timestamp="2017-08-02T13:56:22.092Z" package="testsuites/LoginState/homepage/homepage"><testcase name="Should look the same D:\TOOLS_FOR_WORK\regression-tests\testsuites\LoginState\homepage\screenshots\homepage_1.png" classname="testsuites/LoginState/homepage/homepage" time="10.427"/><testcase name="Should look the same D:\TOOLS_FOR_WORK\regression-tests\testsuites\LoginState\homepage\screenshots\homepage_2.png" classname="testsuites/LoginState/homepage/homepage" time="2.223"/><testcase name="Should look the same D:\TOOLS_FOR_WORK\regression-tests\testsuites\LoginState\homepage\screenshots\homepage_3.png" classname="testsuites/LoginState/homepage/homepage" time="0.431"/><testcase name="Should look the same D:\TOOLS_FOR_WORK\regression-tests\testsuites\LoginState\homepage\screenshots\login-popup_0.png" classname="testsuites/LoginState/homepage/homepage" time="1.161"/><system-out><![CDATA[]]></system-out></testsuite></testsuites>