<?xml version="1.0" encoding="UTF-8"?><testsuites time="14.016"><testsuite name="Unblock testsuite" tests="2" failures="2" errors="0" time="14.016" timestamp="2017-08-08T11:44:53.948Z" package="testsuites/LoginState/unblock/unblock"><testcase name="Should look the same C:\PhantomTesting\PhantomTesting\regression-tests\testsuites\LoginState\unblock\screenshots\help_0.png" classname="testsuites/LoginState/unblock/unblock" time="5.998"><failure type="fail"><![CDATA[Looks different (7.25% mismatch) C:\PhantomTesting\PhantomTesting\regression-tests\testsuites\LoginState\unblock\failures\help_0.fail.png]]></failure></testcase><testcase name="Should look the same C:\PhantomTesting\PhantomTesting\regression-tests\testsuites\LoginState\unblock\screenshots\unblock_0.png" classname="testsuites/LoginState/unblock/unblock" time="8.018"><failure type="fail"><![CDATA[Looks different (95.18% mismatch) C:\PhantomTesting\PhantomTesting\regression-tests\testsuites\LoginState\unblock\failures\unblock_0.fail.png]]></failure></testcase><system-out><![CDATA[]]></system-out></testsuite></testsuites>