<?xml version="1.0" encoding="UTF-8"?><testsuites time="6.409"><testsuite name="About testsuite" tests="1" failures="1" errors="0" time="6.409" timestamp="2017-08-07T20:28:02.328Z" package="testsuites/LoginState/Footer/about/about"><testcase name="TypeError: config.CREDENTIALS is undefined" classname="testsuites/LoginState/Footer/about/about" time="6.409"><failure type="uncaughtError"><![CDATA[TypeError: config.CREDENTIALS is undefined]]></failure></testcase><system-out><![CDATA[]]></system-out></testsuite></testsuites>