<?xml version="1.0" encoding="UTF-8"?><testsuites time="18.749"><testsuite name="Folders page testsuite" tests="4" failures="1" errors="0" time="18.749" timestamp="2017-08-02T15:11:12.099Z" package="testsuites/LoginState/folders-page/folders-page"><testcase name="Should look the same D:\TOOLS_FOR_WORK\regression-tests\testsuites\LoginState\folders-page\screenshots\folders page_0.png" classname="testsuites/LoginState/folders-page/folders-page" time="15.765"/><testcase name="Should look the same D:\TOOLS_FOR_WORK\regression-tests\testsuites\LoginState\folders-page\screenshots\folders page_1.png" classname="testsuites/LoginState/folders-page/folders-page" time="0.625"/><testcase name="Should look the same D:\TOOLS_FOR_WORK\regression-tests\testsuites\LoginState\folders-page\screenshots\folders page_2.png" classname="testsuites/LoginState/folders-page/folders-page" time="0.239"/><testcase name="Should look the same D:\TOOLS_FOR_WORK\regression-tests\testsuites\LoginState\folders-page\screenshots\folders page_3.png" classname="testsuites/LoginState/folders-page/folders-page" time="2.12"><failure type="fail"><![CDATA[Looks different (10.15% mismatch) D:\TOOLS_FOR_WORK\regression-tests\testsuites\LoginState\folders-page\failures\folders page_3.fail.png]]></failure></testcase><system-out><![CDATA[]]></system-out></testsuite></testsuites>