<?xml version="1.0" encoding="UTF-8"?><testsuites time="8.003"><testsuite name="Terms testsuite" tests="1" failures="1" errors="0" time="8.003" timestamp="2017-08-08T07:59:55.222Z" package="testsuites/LoginState/Footer/terms/terms"><testcase name="TypeError: config.CREDENTIALS is undefined" classname="testsuites/LoginState/Footer/terms/terms" time="8.003"><failure type="uncaughtError"><![CDATA[TypeError: config.CREDENTIALS is undefined]]></failure></testcase><system-out><![CDATA[]]></system-out></testsuite></testsuites>