<?xml version="1.0" encoding="UTF-8"?><testsuites time="4.321"><testsuite name="Compare page testsuite" tests="3" failures="1" errors="0" time="4.321" timestamp="2017-08-07T14:04:21.427Z" package="testsuites/LoginState/compare-page/compare-page"><testcase name="Should look the same C:\PhantomTesting\PhantomTesting\regression-tests\testsuites\LoginState\compare-page\screenshots\compare-page_0.png" classname="testsuites/LoginState/compare-page/compare-page" time="0.264"/><testcase name="Should look the same C:\PhantomTesting\PhantomTesting\regression-tests\testsuites\LoginState\compare-page\screenshots\compare-page_1.png" classname="testsuites/LoginState/compare-page/compare-page" time="0.743"/><testcase name="TypeError: config.CREDENTIALS is undefined" classname="testsuites/LoginState/compare-page/compare-page" time="3.314"><failure type="uncaughtError"><![CDATA[TypeError: config.CREDENTIALS is undefined]]></failure></testcase><system-out><![CDATA[]]></system-out></testsuite></testsuites>