<?xml version="1.0" encoding="UTF-8"?><testsuites time="9.163"><testsuite name="Contact testsuite" tests="1" failures="1" errors="0" time="9.163" timestamp="2017-08-02T14:20:17.517Z" package="testsuites/LoginState/Footer/contact/contact"><testcase name="Cannot dispatch mousedown event on nonexistent selector: body &gt; app &gt; app-home &gt; app-footer &gt; div &gt; div &gt; ul.links &gt; li:nth-child(2) &gt; a" classname="testsuites/LoginState/Footer/contact/contact" time="9.163"><failure type="uncaughtError"><![CDATA[Cannot dispatch mousedown event on nonexistent selector: body > app > app-home > app-footer > div > div > ul.links > li:nth-child(2) > a]]></failure></testcase><system-out><![CDATA[]]></system-out></testsuite></testsuites>