<?xml version="1.0" encoding="UTF-8"?><testsuites time="23.734"><testsuite name="Search testsuite" tests="3" failures="2" errors="0" time="23.734" timestamp="2017-08-02T13:13:56.474Z" package="testsuites/LoginState/search/search"><testcase name="Should look the same D:\TOOLS_FOR_WORK\regression-tests\testsuites\LoginState\search\screenshots\login-popup_0.png" classname="testsuites/LoginState/search/search" time="14.859"/><testcase name="Should look the same D:\TOOLS_FOR_WORK\regression-tests\testsuites\LoginState\search\screenshots\search1_2.png" classname="testsuites/LoginState/search/search" time="5.772"><failure type="fail"><![CDATA[Looks different (14.19% mismatch) D:\TOOLS_FOR_WORK\regression-tests\testsuites\LoginState\search\failures\search1_2.fail.png]]></failure></testcase><testcase name="Should look the same D:\TOOLS_FOR_WORK\regression-tests\testsuites\LoginState\search\screenshots\search_1.png" classname="testsuites/LoginState/search/search" time="3.103"><failure type="fail"><![CDATA[Looks different (0.37% mismatch) D:\TOOLS_FOR_WORK\regression-tests\testsuites\LoginState\search\failures\search_1.fail.png]]></failure></testcase><system-out><![CDATA[]]></system-out></testsuite></testsuites>